# JRE version: Java(TM) SE Runtime Environment (8.0_111-b14) (build 1.8.0_111-b14)
# Java VM: Java HotSpot(TM) 64-Bit Server VM (25.111-b14 mixed mode windows-amd64 compressed oops)
Heap:
 PSYoungGen      total 213504K, used 213493K [0x00000000eab00000, 0x0000000100000000, 0x0000000100000000)
  eden space 128000K, 100% used [0x00000000eab00000,0x00000000f2800000,0x00000000f2800000)
  from space 85504K, 99% used [0x00000000fac80000,0x00000000ffffd468,0x0000000100000000)
  to   space 110592K, 69% used [0x00000000f2800000,0x00000000f72f7098,0x00000000f9400000)
 ParOldGen       total 261632K, used 261625K [0x00000000c0000000, 0x00000000cff80000, 0x00000000eab00000)
  object space 261632K, 99% used [0x00000000c0000000,0x00000000cff7e488,0x00000000cff80000)
 Metaspace       used 6692K, capacity 7288K, committed 7424K, reserved 1056768K
  class space    used 644K, capacity 688K, committed 768K, reserved 1048576K
GC Heap History (10 events):
Event: 15.026 GC heap before
{Heap before GC invocations=13 (full 2):
 PSYoungGen      total 219648K, used 31202K [0x00000000eab00000, 0x00000000ff300000, 0x0000000100000000)
  eden space 188416K, 0% used [0x00000000eab00000,0x00000000eab00000,0x00000000f6300000)
  from space 31232K, 99% used [0x00000000f6300000,0x00000000f8178a60,0x00000000f8180000)
  to   space 52736K, 0% used [0x00000000fbf80000,0x00000000fbf80000,0x00000000ff300000)
 ParOldGen       total 96768K, used 96613K [0x00000000c0000000, 0x00000000c5e80000, 0x00000000eab00000)
  object space 96768K, 99% used [0x00000000c0000000,0x00000000c5e597d0,0x00000000c5e80000)
 Metaspace       used 6675K, capacity 7288K, committed 7424K, reserved 1056768K
  class space    used 643K, capacity 688K, committed 768K, reserved 1048576K
Event: 15.563 GC heap after
Heap after GC invocations=13 (full 2):
 PSYoungGen      total 219648K, used 0K [0x00000000eab00000, 0x00000000ff300000, 0x0000000100000000)
  eden space 188416K, 0% used [0x00000000eab00000,0x00000000eab00000,0x00000000f6300000)
  from space 31232K, 0% used [0x00000000f6300000,0x00000000f6300000,0x00000000f8180000)
  to   space 52736K, 0% used [0x00000000fbf80000,0x00000000fbf80000,0x00000000ff300000)
 ParOldGen       total 155648K, used 85194K [0x00000000c0000000, 0x00000000c9800000, 0x00000000eab00000)
  object space 155648K, 54% used [0x00000000c0000000,0x00000000c53328b8,0x00000000c9800000)
 Metaspace       used 6675K, capacity 7288K, committed 7424K, reserved 1056768K
  class space    used 643K, capacity 688K, committed 768K, reserved 1048576K
}
Event: 16.306 GC heap before
{Heap before GC invocations=14 (full 2):
 PSYoungGen      total 219648K, used 188416K [0x00000000eab00000, 0x00000000ff300000, 0x0000000100000000)
  eden space 188416K, 100% used [0x00000000eab00000,0x00000000f6300000,0x00000000f6300000)
  from space 31232K, 0% used [0x00000000f6300000,0x00000000f6300000,0x00000000f8180000)
  to   space 52736K, 0% used [0x00000000fbf80000,0x00000000fbf80000,0x00000000ff300000)
 ParOldGen       total 155648K, used 85194K [0x00000000c0000000, 0x00000000c9800000, 0x00000000eab00000)
  object space 155648K, 54% used [0x00000000c0000000,0x00000000c53328b8,0x00000000c9800000)
 Metaspace       used 6676K, capacity 7288K, committed 7424K, reserved 1056768K
  class space    used 644K, capacity 688K, committed 768K, reserved 1048576K
Event: 16.989 GC heap after
Heap after GC invocations=14 (full 2):
 PSYoungGen      total 243200K, used 52729K [0x00000000eab00000, 0x0000000100000000, 0x0000000100000000)
  eden space 190464K, 0% used [0x00000000eab00000,0x00000000eab00000,0x00000000f6500000)
  from space 52736K, 99% used [0x00000000fbf80000,0x00000000ff2fe5e0,0x00000000ff300000)
  to   space 79360K, 0% used [0x00000000f6500000,0x00000000f6500000,0x00000000fb280000)
 ParOldGen       total 155648K, used 132333K [0x00000000c0000000, 0x00000000c9800000, 0x00000000eab00000)
  object space 155648K, 85% used [0x00000000c0000000,0x00000000c813b428,0x00000000c9800000)
 Metaspace       used 6676K, capacity 7288K, committed 7424K, reserved 1056768K
  class space    used 644K, capacity 688K, committed 768K, reserved 1048576K
}
Event: 16.989 GC heap before
{Heap before GC invocations=15 (full 3):
 PSYoungGen      total 243200K, used 52729K [0x00000000eab00000, 0x0000000100000000, 0x0000000100000000)
  eden space 190464K, 0% used [0x00000000eab00000,0x00000000eab00000,0x00000000f6500000)
  from space 52736K, 99% used [0x00000000fbf80000,0x00000000ff2fe5e0,0x00000000ff300000)
  to   space 79360K, 0% used [0x00000000f6500000,0x00000000f6500000,0x00000000fb280000)
 ParOldGen       total 155648K, used 132333K [0x00000000c0000000, 0x00000000c9800000, 0x00000000eab00000)
  object space 155648K, 85% used [0x00000000c0000000,0x00000000c813b428,0x00000000c9800000)
 Metaspace       used 6676K, capacity 7288K, committed 7424K, reserved 1056768K
  class space    used 644K, capacity 688K, committed 768K, reserved 1048576K
Event: 19.710 GC heap after
Heap after GC invocations=15 (full 3):
 PSYoungGen      total 243200K, used 20248K [0x00000000eab00000, 0x0000000100000000, 0x0000000100000000)
  eden space 190464K, 0% used [0x00000000eab00000,0x00000000eab00000,0x00000000f6500000)
  from space 52736K, 38% used [0x00000000fbf80000,0x00000000fd346330,0x00000000ff300000)
  to   space 79360K, 0% used [0x00000000f6500000,0x00000000f6500000,0x00000000fb280000)
 ParOldGen       total 254976K, used 155221K [0x00000000c0000000, 0x00000000cf900000, 0x00000000eab00000)
  object space 254976K, 60% used [0x00000000c0000000,0x00000000c97956c8,0x00000000cf900000)
 Metaspace       used 6676K, capacity 7288K, committed 7424K, reserved 1056768K
  class space    used 644K, capacity 688K, committed 768K, reserved 1048576K
}
Event: 22.069 GC heap before
{Heap before GC invocations=16 (full 3):
 PSYoungGen      total 243200K, used 210712K [0x00000000eab00000, 0x0000000100000000, 0x0000000100000000)
  eden space 190464K, 100% used [0x00000000eab00000,0x00000000f6500000,0x00000000f6500000)
  from space 52736K, 38% used [0x00000000fbf80000,0x00000000fd346330,0x00000000ff300000)
  to   space 79360K, 0% used [0x00000000f6500000,0x00000000f6500000,0x00000000fb280000)
 ParOldGen       total 254976K, used 155221K [0x00000000c0000000, 0x00000000cf900000, 0x00000000eab00000)
  object space 254976K, 60% used [0x00000000c0000000,0x00000000c97956c8,0x00000000cf900000)
 Metaspace       used 6678K, capacity 7288K, committed 7424K, reserved 1056768K
  class space    used 644K, capacity 688K, committed 768K, reserved 1048576K
Event: 22.544 GC heap after
Heap after GC invocations=16 (full 3):
 PSYoungGen      total 248320K, used 57444K [0x00000000eab00000, 0x0000000100000000, 0x0000000100000000)
  eden space 190464K, 0% used [0x00000000eab00000,0x00000000eab00000,0x00000000f6500000)
  from space 57856K, 99% used [0x00000000f6500000,0x00000000f9d19118,0x00000000f9d80000)
  to   space 85504K, 0% used [0x00000000fac80000,0x00000000fac80000,0x0000000100000000)
 ParOldGen       total 254976K, used 176221K [0x00000000c0000000, 0x00000000cf900000, 0x00000000eab00000)
  object space 254976K, 69% used [0x00000000c0000000,0x00000000cac176c8,0x00000000cf900000)
 Metaspace       used 6678K, capacity 7288K, committed 7424K, reserved 1056768K
  class space    used 644K, capacity 688K, committed 768K, reserved 1048576K
}
Event: 25.725 GC heap before
{Heap before GC invocations=17 (full 3):
 PSYoungGen      total 248320K, used 247908K [0x00000000eab00000, 0x0000000100000000, 0x0000000100000000)
  eden space 190464K, 100% used [0x00000000eab00000,0x00000000f6500000,0x00000000f6500000)
  from space 57856K, 99% used [0x00000000f6500000,0x00000000f9d19118,0x00000000f9d80000)
  to   space 85504K, 0% used [0x00000000fac80000,0x00000000fac80000,0x0000000100000000)
 ParOldGen       total 254976K, used 176221K [0x00000000c0000000, 0x00000000cf900000, 0x00000000eab00000)
  object space 254976K, 69% used [0x00000000c0000000,0x00000000cac176c8,0x00000000cf900000)
 Metaspace       used 6690K, capacity 7288K, committed 7424K, reserved 1056768K
  class space    used 644K, capacity 688K, committed 768K, reserved 1048576K
Event: 26.291 GC heap after
Heap after GC invocations=17 (full 3):
 PSYoungGen      total 213504K, used 85493K [0x00000000eab00000, 0x0000000100000000, 0x0000000100000000)
  eden space 128000K, 0% used [0x00000000eab00000,0x00000000eab00000,0x00000000f2800000)
  from space 85504K, 99% used [0x00000000fac80000,0x00000000ffffd468,0x0000000100000000)
  to   space 110592K, 0% used [0x00000000f2800000,0x00000000f2800000,0x00000000f9400000)
 ParOldGen       total 254976K, used 203887K [0x00000000c0000000, 0x00000000cf900000, 0x00000000eab00000)
  object space 254976K, 79% used [0x00000000c0000000,0x00000000cc71bef8,0x00000000cf900000)
 Metaspace       used 6690K, capacity 7288K, committed 7424K, reserved 1056768K
  class space    used 644K, capacity 688K, committed 768K, reserved 1048576K
}

