# JRE version: Java(TM) SE Runtime Environment (8.0_111-b14) (build 1.8.0_111-b14)
# Java VM: Java HotSpot(TM) 64-Bit Server VM (25.111-b14 mixed mode windows-amd64 compressed oops)
Heap:
 PSYoungGen      total 205824K, used 202943K [0x00000000eab00000, 0x00000000fef80000, 0x0000000100000000)
  eden space 131072K, 100% used [0x00000000eab00000,0x00000000f2b00000,0x00000000f2b00000)
  from space 74752K, 96% used [0x00000000f2b00000,0x00000000f712ff30,0x00000000f7400000)
  to   space 86528K, 39% used [0x00000000f9b00000,0x00000000fbc16e90,0x00000000fef80000)
 ParOldGen       total 212992K, used 165514K [0x00000000c0000000, 0x00000000cd000000, 0x00000000eab00000)
  object space 212992K, 77% used [0x00000000c0000000,0x00000000ca1a2b20,0x00000000cd000000)
 Metaspace       used 6701K, capacity 7288K, committed 7424K, reserved 1056768K
  class space    used 644K, capacity 688K, committed 768K, reserved 1048576K
GC Heap History (10 events):
Event: 66.743 GC heap before
{Heap before GC invocations=14 (full 2):
 PSYoungGen      total 138752K, used 30690K [0x00000000eab00000, 0x00000000f8900000, 0x0000000100000000)
  eden space 108032K, 0% used [0x00000000eab00000,0x00000000eab00000,0x00000000f1480000)
  from space 30720K, 99% used [0x00000000f4500000,0x00000000f62f8b90,0x00000000f6300000)
  to   space 49664K, 0% used [0x00000000f1480000,0x00000000f1480000,0x00000000f4500000)
 ParOldGen       total 92160K, used 91857K [0x00000000c0000000, 0x00000000c5a00000, 0x00000000eab00000)
  object space 92160K, 99% used [0x00000000c0000000,0x00000000c59b46b0,0x00000000c5a00000)
 Metaspace       used 6678K, capacity 7288K, committed 7424K, reserved 1056768K
  class space    used 643K, capacity 688K, committed 768K, reserved 1048576K
Event: 67.820 GC heap after
Heap after GC invocations=14 (full 2):
 PSYoungGen      total 138752K, used 20837K [0x00000000eab00000, 0x00000000f8900000, 0x0000000100000000)
  eden space 108032K, 0% used [0x00000000eab00000,0x00000000eab00000,0x00000000f1480000)
  from space 30720K, 67% used [0x00000000f4500000,0x00000000f59596e0,0x00000000f6300000)
  to   space 49664K, 0% used [0x00000000f1480000,0x00000000f1480000,0x00000000f4500000)
 ParOldGen       total 143872K, used 91810K [0x00000000c0000000, 0x00000000c8c80000, 0x00000000eab00000)
  object space 143872K, 63% used [0x00000000c0000000,0x00000000c59a8b68,0x00000000c8c80000)
 Metaspace       used 6678K, capacity 7288K, committed 7424K, reserved 1056768K
  class space    used 643K, capacity 688K, committed 768K, reserved 1048576K
}
Event: 68.026 GC heap before
{Heap before GC invocations=15 (full 2):
 PSYoungGen      total 138752K, used 128869K [0x00000000eab00000, 0x00000000f8900000, 0x0000000100000000)
  eden space 108032K, 100% used [0x00000000eab00000,0x00000000f1480000,0x00000000f1480000)
  from space 30720K, 67% used [0x00000000f4500000,0x00000000f59596e0,0x00000000f6300000)
  to   space 49664K, 0% used [0x00000000f1480000,0x00000000f1480000,0x00000000f4500000)
 ParOldGen       total 143872K, used 91810K [0x00000000c0000000, 0x00000000c8c80000, 0x00000000eab00000)
  object space 143872K, 63% used [0x00000000c0000000,0x00000000c59a8b68,0x00000000c8c80000)
 Metaspace       used 6684K, capacity 7288K, committed 7424K, reserved 1056768K
  class space    used 643K, capacity 688K, committed 768K, reserved 1048576K
Event: 68.171 GC heap after
Heap after GC invocations=15 (full 2):
 PSYoungGen      total 157696K, used 49659K [0x00000000eab00000, 0x00000000fb900000, 0x0000000100000000)
  eden space 108032K, 0% used [0x00000000eab00000,0x00000000eab00000,0x00000000f1480000)
  from space 49664K, 99% used [0x00000000f1480000,0x00000000f44fed78,0x00000000f4500000)
  to   space 68096K, 0% used [0x00000000f7680000,0x00000000f7680000,0x00000000fb900000)
 ParOldGen       total 143872K, used 118933K [0x00000000c0000000, 0x00000000c8c80000, 0x00000000eab00000)
  object space 143872K, 82% used [0x00000000c0000000,0x00000000c7425770,0x00000000c8c80000)
 Metaspace       used 6684K, capacity 7288K, committed 7424K, reserved 1056768K
  class space    used 643K, capacity 688K, committed 768K, reserved 1048576K
}
Event: 68.171 GC heap before
{Heap before GC invocations=16 (full 3):
 PSYoungGen      total 157696K, used 49659K [0x00000000eab00000, 0x00000000fb900000, 0x0000000100000000)
  eden space 108032K, 0% used [0x00000000eab00000,0x00000000eab00000,0x00000000f1480000)
  from space 49664K, 99% used [0x00000000f1480000,0x00000000f44fed78,0x00000000f4500000)
  to   space 68096K, 0% used [0x00000000f7680000,0x00000000f7680000,0x00000000fb900000)
 ParOldGen       total 143872K, used 118933K [0x00000000c0000000, 0x00000000c8c80000, 0x00000000eab00000)
  object space 143872K, 82% used [0x00000000c0000000,0x00000000c7425770,0x00000000c8c80000)
 Metaspace       used 6684K, capacity 7288K, committed 7424K, reserved 1056768K
  class space    used 643K, capacity 688K, committed 768K, reserved 1048576K
Event: 68.817 GC heap after
Heap after GC invocations=16 (full 3):
 PSYoungGen      total 157696K, used 20703K [0x00000000eab00000, 0x00000000fb900000, 0x0000000100000000)
  eden space 108032K, 0% used [0x00000000eab00000,0x00000000eab00000,0x00000000f1480000)
  from space 49664K, 41% used [0x00000000f1480000,0x00000000f28b7d18,0x00000000f4500000)
  to   space 68096K, 0% used [0x00000000f7680000,0x00000000f7680000,0x00000000fb900000)
 ParOldGen       total 212992K, used 143714K [0x00000000c0000000, 0x00000000cd000000, 0x00000000eab00000)
  object space 212992K, 67% used [0x00000000c0000000,0x00000000c8c58810,0x00000000cd000000)
 Metaspace       used 6684K, capacity 7288K, committed 7424K, reserved 1056768K
  class space    used 643K, capacity 688K, committed 768K, reserved 1048576K
}
Event: 69.129 GC heap before
{Heap before GC invocations=17 (full 3):
 PSYoungGen      total 157696K, used 128735K [0x00000000eab00000, 0x00000000fb900000, 0x0000000100000000)
  eden space 108032K, 100% used [0x00000000eab00000,0x00000000f1480000,0x00000000f1480000)
  from space 49664K, 41% used [0x00000000f1480000,0x00000000f28b7d18,0x00000000f4500000)
  to   space 68096K, 0% used [0x00000000f7680000,0x00000000f7680000,0x00000000fb900000)
 ParOldGen       total 212992K, used 143714K [0x00000000c0000000, 0x00000000cd000000, 0x00000000eab00000)
  object space 212992K, 67% used [0x00000000c0000000,0x00000000c8c58810,0x00000000cd000000)
 Metaspace       used 6690K, capacity 7288K, committed 7424K, reserved 1056768K
  class space    used 644K, capacity 688K, committed 768K, reserved 1048576K
Event: 69.451 GC heap after
Heap after GC invocations=17 (full 3):
 PSYoungGen      total 199168K, used 53557K [0x00000000eab00000, 0x00000000fbd00000, 0x0000000100000000)
  eden space 131072K, 0% used [0x00000000eab00000,0x00000000eab00000,0x00000000f2b00000)
  from space 68096K, 78% used [0x00000000f7680000,0x00000000faacd5d0,0x00000000fb900000)
  to   space 74752K, 0% used [0x00000000f2b00000,0x00000000f2b00000,0x00000000f7400000)
 ParOldGen       total 212992K, used 165506K [0x00000000c0000000, 0x00000000cd000000, 0x00000000eab00000)
  object space 212992K, 77% used [0x00000000c0000000,0x00000000ca1a0b20,0x00000000cd000000)
 Metaspace       used 6690K, capacity 7288K, committed 7424K, reserved 1056768K
  class space    used 644K, capacity 688K, committed 768K, reserved 1048576K
}
Event: 70.774 GC heap before
{Heap before GC invocations=18 (full 3):
 PSYoungGen      total 199168K, used 184629K [0x00000000eab00000, 0x00000000fbd00000, 0x0000000100000000)
  eden space 131072K, 100% used [0x00000000eab00000,0x00000000f2b00000,0x00000000f2b00000)
  from space 68096K, 78% used [0x00000000f7680000,0x00000000faacd5d0,0x00000000fb900000)
  to   space 74752K, 0% used [0x00000000f2b00000,0x00000000f2b00000,0x00000000f7400000)
 ParOldGen       total 212992K, used 165506K [0x00000000c0000000, 0x00000000cd000000, 0x00000000eab00000)
  object space 212992K, 77% used [0x00000000c0000000,0x00000000ca1a0b20,0x00000000cd000000)
 Metaspace       used 6694K, capacity 7288K, committed 7424K, reserved 1056768K
  class space    used 644K, capacity 688K, committed 768K, reserved 1048576K
Event: 71.344 GC heap after
Heap after GC invocations=18 (full 3):
 PSYoungGen      total 205824K, used 71871K [0x00000000eab00000, 0x00000000fef80000, 0x0000000100000000)
  eden space 131072K, 0% used [0x00000000eab00000,0x00000000eab00000,0x00000000f2b00000)
  from space 74752K, 96% used [0x00000000f2b00000,0x00000000f712ff30,0x00000000f7400000)
  to   space 86528K, 0% used [0x00000000f9b00000,0x00000000f9b00000,0x00000000fef80000)
 ParOldGen       total 212992K, used 165514K [0x00000000c0000000, 0x00000000cd000000, 0x00000000eab00000)
  object space 212992K, 77% used [0x00000000c0000000,0x00000000ca1a2b20,0x00000000cd000000)
 Metaspace       used 6694K, capacity 7288K, committed 7424K, reserved 1056768K
  class space    used 644K, capacity 688K, committed 768K, reserved 1048576K
}

